2025-04-28 00:18:49,719 - INFO - Attempting to fetch data (Attempt 1/3)
2025-04-28 00:18:50,265 - INFO - Successfully fetched data
2025-04-28 00:18:50,266 - INFO - Sample of JSON response:
2025-04-28 00:18:50,267 - INFO - {
  "date": "2025-04-24",
  "ron95": 2.05,
  "ron97": 3.18,
  "diesel": 2.88,
  "series_type": "level",
  "diesel_eastmsia": 2.15
}
2025-04-28 00:18:50,278 - INFO - Starting data transformation
2025-04-28 00:18:50,293 - INFO - Data transformation completed successfully
2025-04-28 00:18:50,315 - INFO - Largest weekly price changes:
2025-04-28 00:18:50,316 - INFO - 
Top 5 largest price increases for RON95:
          Date  RON95_weekly_change
322 2019-02-23                 0.10
253 2020-06-27                 0.10
403 2017-04-13                 0.08
255 2020-06-13                 0.08
398 2017-05-18                 0.07

2025-04-28 00:18:50,317 - INFO - 
Top 5 largest price increases for RON97:
          Date  RON97_weekly_change
153 2022-05-26                 0.37
155 2022-05-12                 0.37
164 2022-03-10                 0.30
163 2022-03-17                 0.25
346 2018-06-07                 0.19

2025-04-28 00:18:50,317 - INFO - 
Top 5 largest price increases for Diesel:
          Date  Diesel_weekly_change
46  2024-06-10                  1.20
327 2019-01-19                  0.12
257 2020-05-30                  0.10
255 2020-06-13                  0.10
381 2017-09-14                  0.09

2025-04-28 00:18:50,318 - INFO - 
Top 5 largest price increases for Diesel eastmsia:
          Date  Diesel_eastmsia_weekly_change
327 2019-01-19                           0.12
257 2020-05-30                           0.10
255 2020-06-13                           0.10
381 2017-09-14                           0.09
253 2020-06-27                           0.09

2025-04-28 00:18:50,450 - INFO - 
Summary Statistics (series_type = level):
       RON95_price  RON97_price  Diesel_price  Diesel_eastmsia_price
count   406.000000   406.000000    406.000000             406.000000
mean      2.024680     2.911847      2.214680               2.104778
std       0.175792     0.666286      0.357037               0.148712
min       1.250000     1.550000      1.400000               1.400000
25%       2.050000     2.470000      2.150000               2.150000
50%       2.050000     2.730000      2.150000               2.150000
75%       2.080000     3.370000      2.180000               2.150000
max       2.380000     4.840000      3.350000               2.340000
